<?xml version="1.0" encoding="UTF-8"?>
<coverage generated="1657113494">
  <project timestamp="1657113494">
    <file name="/home/runner/work/shooglypeg-emailvalidator/shooglypeg-emailvalidator/src/RFCEmailValidator.php">
      <class name="ShooglyPeg\EmailValidator\RFCEmailValidator" namespace="global">
        <metrics complexity="2" methods="2" coveredmethods="2" conditionals="0" coveredconditionals="0" statements="5" coveredstatements="5" elements="7" coveredelements="7"/>
      </class>
      <line num="15" type="method" name="__construct" visibility="public" complexity="1" crap="1" count="43"/>
      <line num="17" type="stmt" count="43"/>
      <line num="18" type="stmt" count="43"/>
      <line num="19" type="stmt" count="43"/>
      <line num="20" type="stmt" count="43"/>
      <line num="24" type="method" name="validate" visibility="public" complexity="1" crap="1" count="43"/>
      <line num="26" type="stmt" count="43"/>
      <metrics loc="29" ncloc="29" classes="1" methods="2" coveredmethods="2" conditionals="0" coveredconditionals="0" statements="5" coveredstatements="5" elements="7" coveredelements="7"/>
    </file>
    <file name="/home/runner/work/shooglypeg-emailvalidator/shooglypeg-emailvalidator/src/Reasons/HasNoTopLevelDomain.php">
      <class name="ShooglyPeg\EmailValidator\Reasons\HasNoTopLevelDomain" namespace="global">
        <metrics complexity="2" methods="2" coveredmethods="2" conditionals="0" coveredconditionals="0" statements="2" coveredstatements="2" elements="4" coveredelements="4"/>
      </class>
      <line num="9" type="method" name="code" visibility="public" complexity="1" crap="1" count="6"/>
      <line num="11" type="stmt" count="6"/>
      <line num="14" type="method" name="description" visibility="public" complexity="1" crap="1" count="1"/>
      <line num="16" type="stmt" count="1"/>
      <metrics loc="19" ncloc="19" classes="1" methods="2" coveredmethods="2" conditionals="0" coveredconditionals="0" statements="2" coveredstatements="2" elements="4" coveredelements="4"/>
    </file>
    <file name="/home/runner/work/shooglypeg-emailvalidator/shooglypeg-emailvalidator/src/Reasons/TopLevelDomainHasInvalidCharacters.php">
      <class name="ShooglyPeg\EmailValidator\Reasons\TopLevelDomainHasInvalidCharacters" namespace="global">
        <metrics complexity="2" methods="2" coveredmethods="2" conditionals="0" coveredconditionals="0" statements="2" coveredstatements="2" elements="4" coveredelements="4"/>
      </class>
      <line num="9" type="method" name="code" visibility="public" complexity="1" crap="1" count="3"/>
      <line num="11" type="stmt" count="3"/>
      <line num="14" type="method" name="description" visibility="public" complexity="1" crap="1" count="1"/>
      <line num="16" type="stmt" count="1"/>
      <metrics loc="19" ncloc="19" classes="1" methods="2" coveredmethods="2" conditionals="0" coveredconditionals="0" statements="2" coveredstatements="2" elements="4" coveredelements="4"/>
    </file>
    <file name="/home/runner/work/shooglypeg-emailvalidator/shooglypeg-emailvalidator/src/Reasons/TopLevelDomainIsTooShort.php">
      <class name="ShooglyPeg\EmailValidator\Reasons\TopLevelDomainIsTooShort" namespace="global">
        <metrics complexity="2" methods="2" coveredmethods="2" conditionals="0" coveredconditionals="0" statements="2" coveredstatements="2" elements="4" coveredelements="4"/>
      </class>
      <line num="9" type="method" name="code" visibility="public" complexity="1" crap="1" count="4"/>
      <line num="11" type="stmt" count="4"/>
      <line num="14" type="method" name="description" visibility="public" complexity="1" crap="1" count="1"/>
      <line num="16" type="stmt" count="1"/>
      <metrics loc="19" ncloc="19" classes="1" methods="2" coveredmethods="2" conditionals="0" coveredconditionals="0" statements="2" coveredstatements="2" elements="4" coveredelements="4"/>
    </file>
    <file name="/home/runner/work/shooglypeg-emailvalidator/shooglypeg-emailvalidator/src/Validators/HasValidTopLevelDomain.php">
      <class name="ShooglyPeg\EmailValidator\Validators\HasValidTopLevelDomain" namespace="global">
        <metrics complexity="12" methods="6" coveredmethods="6" conditionals="0" coveredconditionals="0" statements="19" coveredstatements="19" elements="25" coveredelements="25"/>
      </class>
      <line num="16" type="method" name="isValid" visibility="public" complexity="7" crap="7" count="43"/>
      <line num="18" type="stmt" count="43"/>
      <line num="20" type="stmt" count="43"/>
      <line num="21" type="stmt" count="5"/>
      <line num="22" type="stmt" count="5"/>
      <line num="25" type="stmt" count="38"/>
      <line num="26" type="stmt" count="38"/>
      <line num="27" type="stmt" count="38"/>
      <line num="29" type="stmt" count="38"/>
      <line num="30" type="stmt" count="3"/>
      <line num="31" type="stmt" count="3"/>
      <line num="34" type="stmt" count="35"/>
      <line num="35" type="stmt" count="2"/>
      <line num="36" type="stmt" count="2"/>
      <line num="39" type="stmt" count="33"/>
      <line num="42" type="method" name="isIntl" visibility="private" complexity="1" crap="1" count="4"/>
      <line num="44" type="stmt" count="4"/>
      <line num="47" type="method" name="isIp" visibility="private" complexity="1" crap="1" count="3"/>
      <line num="49" type="stmt" count="3"/>
      <line num="52" type="method" name="alphabetical" visibility="private" complexity="1" crap="1" count="35"/>
      <line num="54" type="stmt" count="35"/>
      <line num="57" type="method" name="getError" visibility="public" complexity="1" crap="1" count="10"/>
      <line num="59" type="stmt" count="10"/>
      <line num="62" type="method" name="getWarnings" visibility="public" complexity="1" crap="1" count="43"/>
      <line num="64" type="stmt" count="43"/>
      <metrics loc="67" ncloc="67" classes="1" methods="6" coveredmethods="6" conditionals="0" coveredconditionals="0" statements="19" coveredstatements="19" elements="25" coveredelements="25"/>
    </file>
    <metrics files="5" loc="153" ncloc="153" classes="5" methods="14" coveredmethods="14" conditionals="0" coveredconditionals="0" statements="30" coveredstatements="30" elements="44" coveredelements="44"/>
  </project>
</coverage>
